2017/08/09 10:40:02 [error] [system.db.CDbCommand] CDbCommand::fetchAll() failed: SQLSTATE[42S22]: Column not found: 1054 Unknown column 'categories.category.id' in 'on clause'. The SQL statement executed was: SELECT `topics`.`title`, `categories`.`name`
FROM `topics`
JOIN `categories` ON topics.topic_id = categories.category.id.
in C:\OpenServer\domains\yii_forum\protected\controllers\CategoryController.php (17)
in C:\OpenServer\domains\yii_forum\index.php (13)
2017/08/09 10:40:02 [error] [exception.CDbException] exception 'CDbException' with message 'CDbCommand failed to execute the SQL statement: SQLSTATE[42S22]: Column not found: 1054 Unknown column 'categories.category.id' in 'on clause'. The SQL statement executed was: SELECT `topics`.`title`, `categories`.`name`
FROM `topics`
JOIN `categories` ON topics.topic_id = categories.category.id' in C:\OpenServer\domains\yii\framework\db\CDbCommand.php:543
Stack trace:
#0 C:\OpenServer\domains\yii\framework\db\CDbCommand.php(396): CDbCommand->queryInternal('fetchAll', Array, Array)
#1 C:\OpenServer\domains\yii_forum\protected\controllers\CategoryController.php(17): CDbCommand->queryAll()
#2 [internal function]: CategoryController->actionView('1')
#3 C:\OpenServer\domains\yii\framework\web\actions\CAction.php(109): ReflectionMethod->invokeArgs(Object(CategoryController), Array)
#4 C:\OpenServer\domains\yii\framework\web\actions\CInlineAction.php(47): CAction->runWithParamsInternal(Object(CategoryController), Object(ReflectionMethod), Array)
#5 C:\OpenServer\domains\yii\framework\web\CController.php(308): CInlineAction->runWithParams(Array)
#6 C:\OpenServer\domains\yii\framework\web\CController.php(286): CController->runAction(Object(CInlineAction))
#7 C:\OpenServer\domains\yii\framework\web\CController.php(265): CController->runActionWithFilters(Object(CInlineAction), Array)
#8 C:\OpenServer\domains\yii\framework\web\CWebApplication.php(282): CController->run('view')
#9 C:\OpenServer\domains\yii\framework\web\CWebApplication.php(141): CWebApplication->runController('category/view')
#10 C:\OpenServer\domains\yii\framework\base\CApplication.php(185): CWebApplication->processRequest()
#11 C:\OpenServer\domains\yii_forum\index.php(13): CApplication->run()
#12 {main}
REQUEST_URI=/category/view/1
HTTP_REFERER=http://yii.forum/
---
2017/08/09 10:43:14 [error] [system.db.CDbCommand] CDbCommand::fetchAll() failed: SQLSTATE[42S22]: Column not found: 1054 Unknown column 'categories.category_id' in 'on clause'. The SQL statement executed was: SELECT `t`.`title`, `c`.`name`
FROM `topics` `t`
JOIN `categories` `c` ON t.topic_id = categories.category_id.
in C:\OpenServer\domains\yii_forum\protected\controllers\CategoryController.php (19)
in C:\OpenServer\domains\yii_forum\index.php (13)
2017/08/09 10:43:14 [error] [exception.CDbException] exception 'CDbException' with message 'CDbCommand failed to execute the SQL statement: SQLSTATE[42S22]: Column not found: 1054 Unknown column 'categories.category_id' in 'on clause'. The SQL statement executed was: SELECT `t`.`title`, `c`.`name`
FROM `topics` `t`
JOIN `categories` `c` ON t.topic_id = categories.category_id' in C:\OpenServer\domains\yii\framework\db\CDbCommand.php:543
Stack trace:
#0 C:\OpenServer\domains\yii\framework\db\CDbCommand.php(396): CDbCommand->queryInternal('fetchAll', Array, Array)
#1 C:\OpenServer\domains\yii_forum\protected\controllers\CategoryController.php(19): CDbCommand->queryAll()
#2 [internal function]: CategoryController->actionView('1')
#3 C:\OpenServer\domains\yii\framework\web\actions\CAction.php(109): ReflectionMethod->invokeArgs(Object(CategoryController), Array)
#4 C:\OpenServer\domains\yii\framework\web\actions\CInlineAction.php(47): CAction->runWithParamsInternal(Object(CategoryController), Object(ReflectionMethod), Array)
#5 C:\OpenServer\domains\yii\framework\web\CController.php(308): CInlineAction->runWithParams(Array)
#6 C:\OpenServer\domains\yii\framework\web\CController.php(286): CController->runAction(Object(CInlineAction))
#7 C:\OpenServer\domains\yii\framework\web\CController.php(265): CController->runActionWithFilters(Object(CInlineAction), Array)
#8 C:\OpenServer\domains\yii\framework\web\CWebApplication.php(282): CController->run('view')
#9 C:\OpenServer\domains\yii\framework\web\CWebApplication.php(141): CWebApplication->runController('category/view')
#10 C:\OpenServer\domains\yii\framework\base\CApplication.php(185): CWebApplication->processRequest()
#11 C:\OpenServer\domains\yii_forum\index.php(13): CApplication->run()
#12 {main}
REQUEST_URI=/category/view/1
HTTP_REFERER=http://yii.forum/
---
2017/08/09 11:45:37 [error] [php] Missing argument 1 for CController::render(), called in C:\OpenServer\domains\yii_forum\protected\controllers\CategoryController.php on line 17 and defined (C:\OpenServer\domains\yii\framework\web\CController.php:781)
Stack trace:
#0 C:\OpenServer\domains\yii\framework\web\actions\CAction.php(109): ReflectionMethod->invokeArgs()
#1 C:\OpenServer\domains\yii\framework\web\actions\CInlineAction.php(47): CInlineAction->runWithParamsInternal()
#2 C:\OpenServer\domains\yii\framework\web\CController.php(308): CInlineAction->runWithParams()
#3 C:\OpenServer\domains\yii\framework\web\CController.php(286): CategoryController->runAction()
#4 C:\OpenServer\domains\yii\framework\web\CController.php(265): CategoryController->runActionWithFilters()
#5 C:\OpenServer\domains\yii\framework\web\CWebApplication.php(282): CategoryController->run()
#6 C:\OpenServer\domains\yii\framework\web\CWebApplication.php(141): CWebApplication->runController()
#7 C:\OpenServer\domains\yii\framework\base\CApplication.php(185): CWebApplication->processRequest()
#8 C:\OpenServer\domains\yii_forum\index.php(13): CWebApplication->run()
REQUEST_URI=/category/view/1
in C:\OpenServer\domains\yii_forum\protected\controllers\CategoryController.php (17)
in C:\OpenServer\domains\yii_forum\index.php (13)
2017/08/09 11:45:45 [error] [php] Missing argument 1 for CController::render(), called in C:\OpenServer\domains\yii_forum\protected\controllers\CategoryController.php on line 17 and defined (C:\OpenServer\domains\yii\framework\web\CController.php:781)
Stack trace:
#0 C:\OpenServer\domains\yii\framework\web\actions\CAction.php(109): ReflectionMethod->invokeArgs()
#1 C:\OpenServer\domains\yii\framework\web\actions\CInlineAction.php(47): CInlineAction->runWithParamsInternal()
#2 C:\OpenServer\domains\yii\framework\web\CController.php(308): CInlineAction->runWithParams()
#3 C:\OpenServer\domains\yii\framework\web\CController.php(286): CategoryController->runAction()
#4 C:\OpenServer\domains\yii\framework\web\CController.php(265): CategoryController->runActionWithFilters()
#5 C:\OpenServer\domains\yii\framework\web\CWebApplication.php(282): CategoryController->run()
#6 C:\OpenServer\domains\yii\framework\web\CWebApplication.php(141): CWebApplication->runController()
#7 C:\OpenServer\domains\yii\framework\base\CApplication.php(185): CWebApplication->processRequest()
#8 C:\OpenServer\domains\yii_forum\index.php(13): CWebApplication->run()
REQUEST_URI=/category/view/1
in C:\OpenServer\domains\yii_forum\protected\controllers\CategoryController.php (17)
in C:\OpenServer\domains\yii_forum\index.php (13)
2017/08/09 11:46:04 [error] [php] Missing argument 1 for CController::render(), called in C:\OpenServer\domains\yii_forum\protected\controllers\CategoryController.php on line 17 and defined (C:\OpenServer\domains\yii\framework\web\CController.php:781)
Stack trace:
#0 C:\OpenServer\domains\yii\framework\web\actions\CAction.php(109): ReflectionMethod->invokeArgs()
#1 C:\OpenServer\domains\yii\framework\web\actions\CInlineAction.php(47): CInlineAction->runWithParamsInternal()
#2 C:\OpenServer\domains\yii\framework\web\CController.php(308): CInlineAction->runWithParams()
#3 C:\OpenServer\domains\yii\framework\web\CController.php(286): CategoryController->runAction()
#4 C:\OpenServer\domains\yii\framework\web\CController.php(265): CategoryController->runActionWithFilters()
#5 C:\OpenServer\domains\yii\framework\web\CWebApplication.php(282): CategoryController->run()
#6 C:\OpenServer\domains\yii\framework\web\CWebApplication.php(141): CWebApplication->runController()
#7 C:\OpenServer\domains\yii\framework\base\CApplication.php(185): CWebApplication->processRequest()
#8 C:\OpenServer\domains\yii_forum\index.php(13): CWebApplication->run()
REQUEST_URI=/category/view/1
in C:\OpenServer\domains\yii_forum\protected\controllers\CategoryController.php (17)
in C:\OpenServer\domains\yii_forum\index.php (13)
2017/08/09 11:53:30 [error] [exception.CException] exception 'CException' with message 'CDbCommand and its behaviors do not have a method or closure named "and".' in C:\OpenServer\domains\yii\framework\base\CComponent.php:266
Stack trace:
#0 C:\OpenServer\domains\yii_forum\protected\controllers\CategoryController.php(25): CComponent->__call('and', Array)
#1 C:\OpenServer\domains\yii_forum\protected\controllers\CategoryController.php(25): CDbCommand->and('c.category_id')
#2 [internal function]: CategoryController->actionView('1')
#3 C:\OpenServer\domains\yii\framework\web\actions\CAction.php(109): ReflectionMethod->invokeArgs(Object(CategoryController), Array)
#4 C:\OpenServer\domains\yii\framework\web\actions\CInlineAction.php(47): CAction->runWithParamsInternal(Object(CategoryController), Object(ReflectionMethod), Array)
#5 C:\OpenServer\domains\yii\framework\web\CController.php(308): CInlineAction->runWithParams(Array)
#6 C:\OpenServer\domains\yii\framework\web\CController.php(286): CController->runAction(Object(CInlineAction))
#7 C:\OpenServer\domains\yii\framework\web\CController.php(265): CController->runActionWithFilters(Object(CInlineAction), Array)
#8 C:\OpenServer\domains\yii\framework\web\CWebApplication.php(282): CController->run('view')
#9 C:\OpenServer\domains\yii\framework\web\CWebApplication.php(141): CWebApplication->runController('category/view')
#10 C:\OpenServer\domains\yii\framework\base\CApplication.php(185): CWebApplication->processRequest()
#11 C:\OpenServer\domains\yii_forum\index.php(13): CApplication->run()
#12 {main}
REQUEST_URI=/category/view/1
HTTP_REFERER=http://yii.forum/
---
2017/08/09 11:55:18 [error] [system.db.CDbCommand] CDbCommand::fetchAll() failed: SQLSTATE[42S22]: Column not found: 1054 Unknown column 'c.title' in 'field list'. The SQL statement executed was: SELECT `c`.`category_id`, `c`.`title`, `u`.`name`, `u`.`avatar`, `t`.`title`
FROM `categories` `c`
JOIN `topics` `t` ON c.category_id = t.category_id
JOIN `users` `u` ON t.user_id = u.id
WHERE c.category_id = :category_id.
in C:\OpenServer\domains\yii_forum\protected\controllers\CategoryController.php (18)
in C:\OpenServer\domains\yii_forum\index.php (13)
2017/08/09 11:55:18 [error] [exception.CDbException] exception 'CDbException' with message 'CDbCommand failed to execute the SQL statement: SQLSTATE[42S22]: Column not found: 1054 Unknown column 'c.title' in 'field list'. The SQL statement executed was: SELECT `c`.`category_id`, `c`.`title`, `u`.`name`, `u`.`avatar`, `t`.`title`
FROM `categories` `c`
JOIN `topics` `t` ON c.category_id = t.category_id
JOIN `users` `u` ON t.user_id = u.id
WHERE c.category_id = :category_id' in C:\OpenServer\domains\yii\framework\db\CDbCommand.php:543
Stack trace:
#0 C:\OpenServer\domains\yii\framework\db\CDbCommand.php(396): CDbCommand->queryInternal('fetchAll', Array, Array)
#1 C:\OpenServer\domains\yii_forum\protected\controllers\CategoryController.php(18): CDbCommand->queryAll()
#2 [internal function]: CategoryController->actionView('1')
#3 C:\OpenServer\domains\yii\framework\web\actions\CAction.php(109): ReflectionMethod->invokeArgs(Object(CategoryController), Array)
#4 C:\OpenServer\domains\yii\framework\web\actions\CInlineAction.php(47): CAction->runWithParamsInternal(Object(CategoryController), Object(ReflectionMethod), Array)
#5 C:\OpenServer\domains\yii\framework\web\CController.php(308): CInlineAction->runWithParams(Array)
#6 C:\OpenServer\domains\yii\framework\web\CController.php(286): CController->runAction(Object(CInlineAction))
#7 C:\OpenServer\domains\yii\framework\web\CController.php(265): CController->runActionWithFilters(Object(CInlineAction), Array)
#8 C:\OpenServer\domains\yii\framework\web\CWebApplication.php(282): CController->run('view')
#9 C:\OpenServer\domains\yii\framework\web\CWebApplication.php(141): CWebApplication->runController('category/view')
#10 C:\OpenServer\domains\yii\framework\base\CApplication.php(185): CWebApplication->processRequest()
#11 C:\OpenServer\domains\yii_forum\index.php(13): CApplication->run()
#12 {main}
REQUEST_URI=/category/view/1
HTTP_REFERER=http://yii.forum/
---
2017/08/09 11:56:26 [error] [system.db.CDbCommand] CDbCommand::fetchAll() failed: SQLSTATE[42S22]: Column not found: 1054 Unknown column 'c.nasme' in 'field list'. The SQL statement executed was: SELECT `c`.`category_id`, `c`.`nasme`, `u`.`name`, `u`.`avatar`, `t`.`title`
FROM `categories` `c`
JOIN `topics` `t` ON c.category_id = t.category_id
JOIN `users` `u` ON t.user_id = u.id
WHERE c.category_id = :category_id.
in C:\OpenServer\domains\yii_forum\protected\controllers\CategoryController.php (18)
in C:\OpenServer\domains\yii_forum\index.php (13)
2017/08/09 11:56:26 [error] [exception.CDbException] exception 'CDbException' with message 'CDbCommand failed to execute the SQL statement: SQLSTATE[42S22]: Column not found: 1054 Unknown column 'c.nasme' in 'field list'. The SQL statement executed was: SELECT `c`.`category_id`, `c`.`nasme`, `u`.`name`, `u`.`avatar`, `t`.`title`
FROM `categories` `c`
JOIN `topics` `t` ON c.category_id = t.category_id
JOIN `users` `u` ON t.user_id = u.id
WHERE c.category_id = :category_id' in C:\OpenServer\domains\yii\framework\db\CDbCommand.php:543
Stack trace:
#0 C:\OpenServer\domains\yii\framework\db\CDbCommand.php(396): CDbCommand->queryInternal('fetchAll', Array, Array)
#1 C:\OpenServer\domains\yii_forum\protected\controllers\CategoryController.php(18): CDbCommand->queryAll()
#2 [internal function]: CategoryController->actionView('1')
#3 C:\OpenServer\domains\yii\framework\web\actions\CAction.php(109): ReflectionMethod->invokeArgs(Object(CategoryController), Array)
#4 C:\OpenServer\domains\yii\framework\web\actions\CInlineAction.php(47): CAction->runWithParamsInternal(Object(CategoryController), Object(ReflectionMethod), Array)
#5 C:\OpenServer\domains\yii\framework\web\CController.php(308): CInlineAction->runWithParams(Array)
#6 C:\OpenServer\domains\yii\framework\web\CController.php(286): CController->runAction(Object(CInlineAction))
#7 C:\OpenServer\domains\yii\framework\web\CController.php(265): CController->runActionWithFilters(Object(CInlineAction), Array)
#8 C:\OpenServer\domains\yii\framework\web\CWebApplication.php(282): CController->run('view')
#9 C:\OpenServer\domains\yii\framework\web\CWebApplication.php(141): CWebApplication->runController('category/view')
#10 C:\OpenServer\domains\yii\framework\base\CApplication.php(185): CWebApplication->processRequest()
#11 C:\OpenServer\domains\yii_forum\index.php(13): CApplication->run()
#12 {main}
REQUEST_URI=/category/view/1
HTTP_REFERER=http://yii.forum/
---
2017/08/09 12:10:32 [error] [php] Invalid argument supplied for foreach() (C:\OpenServer\domains\yii_forum\themes\forum\views\category\index.php:35)
Stack trace:
#0 C:\OpenServer\domains\yii\framework\web\CController.php(872): CategoryController->renderFile()
#1 C:\OpenServer\domains\yii\framework\web\CController.php(785): CategoryController->renderPartial()
#2 C:\OpenServer\domains\yii_forum\protected\controllers\CategoryController.php(20): CategoryController->render()
#3 unknown(0): CategoryController->actionView()
#4 C:\OpenServer\domains\yii\framework\web\actions\CAction.php(109): ReflectionMethod->invokeArgs()
#5 C:\OpenServer\domains\yii\framework\web\actions\CInlineAction.php(47): CInlineAction->runWithParamsInternal()
#6 C:\OpenServer\domains\yii\framework\web\CController.php(308): CInlineAction->runWithParams()
#7 C:\OpenServer\domains\yii\framework\web\CController.php(286): CategoryController->runAction()
#8 C:\OpenServer\domains\yii\framework\web\CController.php(265): CategoryController->runActionWithFilters()
#9 C:\OpenServer\domains\yii\framework\web\CWebApplication.php(282): CategoryController->run()
#10 C:\OpenServer\domains\yii\framework\web\CWebApplication.php(141): CWebApplication->runController()
#11 C:\OpenServer\domains\yii\framework\base\CApplication.php(185): CWebApplication->processRequest()
#12 C:\OpenServer\domains\yii_forum\index.php(13): CWebApplication->run()
REQUEST_URI=/category/view/1
in C:\OpenServer\domains\yii_forum\themes\forum\views\category\index.php (35)
in C:\OpenServer\domains\yii_forum\protected\controllers\CategoryController.php (20)
in C:\OpenServer\domains\yii_forum\index.php (13)
2017/08/09 12:12:17 [error] [exception.CHttpException.404] exception 'CHttpException' with message 'Unable to resolve the request "themes/forum/default.png".' in C:\OpenServer\domains\yii\framework\web\CWebApplication.php:286
Stack trace:
#0 C:\OpenServer\domains\yii\framework\web\CWebApplication.php(141): CWebApplication->runController('themes/forum/de...')
#1 C:\OpenServer\domains\yii\framework\base\CApplication.php(185): CWebApplication->processRequest()
#2 C:\OpenServer\domains\yii_forum\index.php(13): CApplication->run()
#3 {main}
REQUEST_URI=/themes/forum/default.png
HTTP_REFERER=http://yii.forum/category/view/1
---
2017/08/09 12:16:03 [error] [exception.CHttpException.404] exception 'CHttpException' with message 'Unable to resolve the request "themes/forum/images/avatars/default.png".' in C:\OpenServer\domains\yii\framework\web\CWebApplication.php:286
Stack trace:
#0 C:\OpenServer\domains\yii\framework\web\CWebApplication.php(141): CWebApplication->runController('themes/forum/im...')
#1 C:\OpenServer\domains\yii\framework\base\CApplication.php(185): CWebApplication->processRequest()
#2 C:\OpenServer\domains\yii_forum\index.php(13): CApplication->run()
#3 {main}
REQUEST_URI=/themes/forum/images/avatars/default.png
HTTP_REFERER=http://yii.forum/category/view/1
---
2017/08/09 12:16:04 [error] [exception.CHttpException.404] exception 'CHttpException' with message 'Unable to resolve the request "themes/forum/images/avatars/default.png".' in C:\OpenServer\domains\yii\framework\web\CWebApplication.php:286
Stack trace:
#0 C:\OpenServer\domains\yii\framework\web\CWebApplication.php(141): CWebApplication->runController('themes/forum/im...')
#1 C:\OpenServer\domains\yii\framework\base\CApplication.php(185): CWebApplication->processRequest()
#2 C:\OpenServer\domains\yii_forum\index.php(13): CApplication->run()
#3 {main}
REQUEST_URI=/themes/forum/images/avatars/default.png
HTTP_REFERER=http://yii.forum/category/view/1
---
2017/08/09 12:19:19 [error] [exception.CHttpException.400] exception 'CHttpException' with message 'Your request is invalid.' in C:\OpenServer\domains\yii\framework\web\CController.php:337
Stack trace:
#0 C:\OpenServer\domains\yii\framework\web\CController.php(309): CController->invalidActionParams(Object(CInlineAction))
#1 C:\OpenServer\domains\yii\framework\web\CController.php(286): CController->runAction(Object(CInlineAction))
#2 C:\OpenServer\domains\yii\framework\web\CController.php(265): CController->runActionWithFilters(Object(CInlineAction), Array)
#3 C:\OpenServer\domains\yii\framework\web\CWebApplication.php(282): CController->run('view')
#4 C:\OpenServer\domains\yii\framework\web\CWebApplication.php(141): CWebApplication->runController('category/view/'...')
#5 C:\OpenServer\domains\yii\framework\base\CApplication.php(185): CWebApplication->processRequest()
#6 C:\OpenServer\domains\yii_forum\index.php(13): CApplication->run()
#7 {main}
REQUEST_URI=/category/view/'site/index
HTTP_REFERER=http://yii.forum/category/view/1
---
2017/08/09 12:19:26 [error] [exception.CHttpException.400] exception 'CHttpException' with message 'Your request is invalid.' in C:\OpenServer\domains\yii\framework\web\CController.php:337
Stack trace:
#0 C:\OpenServer\domains\yii\framework\web\CController.php(309): CController->invalidActionParams(Object(CInlineAction))
#1 C:\OpenServer\domains\yii\framework\web\CController.php(286): CController->runAction(Object(CInlineAction))
#2 C:\OpenServer\domains\yii\framework\web\CController.php(265): CController->runActionWithFilters(Object(CInlineAction), Array)
#3 C:\OpenServer\domains\yii\framework\web\CWebApplication.php(282): CController->run('view')
#4 C:\OpenServer\domains\yii\framework\web\CWebApplication.php(141): CWebApplication->runController('category/view/'...')
#5 C:\OpenServer\domains\yii\framework\base\CApplication.php(185): CWebApplication->processRequest()
#6 C:\OpenServer\domains\yii_forum\index.php(13): CApplication->run()
#7 {main}
REQUEST_URI=/category/view/'site/index
HTTP_REFERER=http://yii.forum/category/view/1
---
2017/08/09 12:19:32 [error] [exception.CHttpException.400] exception 'CHttpException' with message 'Your request is invalid.' in C:\OpenServer\domains\yii\framework\web\CController.php:337
Stack trace:
#0 C:\OpenServer\domains\yii\framework\web\CController.php(309): CController->invalidActionParams(Object(CInlineAction))
#1 C:\OpenServer\domains\yii\framework\web\CController.php(286): CController->runAction(Object(CInlineAction))
#2 C:\OpenServer\domains\yii\framework\web\CController.php(265): CController->runActionWithFilters(Object(CInlineAction), Array)
#3 C:\OpenServer\domains\yii\framework\web\CWebApplication.php(282): CController->run('view')
#4 C:\OpenServer\domains\yii\framework\web\CWebApplication.php(141): CWebApplication->runController('category/view/s...')
#5 C:\OpenServer\domains\yii\framework\base\CApplication.php(185): CWebApplication->processRequest()
#6 C:\OpenServer\domains\yii_forum\index.php(13): CApplication->run()
#7 {main}
REQUEST_URI=/category/view/site/index
HTTP_REFERER=http://yii.forum/category/view/1
---
2017/08/09 12:19:39 [error] [exception.CHttpException.400] exception 'CHttpException' with message 'Your request is invalid.' in C:\OpenServer\domains\yii\framework\web\CController.php:337
Stack trace:
#0 C:\OpenServer\domains\yii\framework\web\CController.php(309): CController->invalidActionParams(Object(CInlineAction))
#1 C:\OpenServer\domains\yii\framework\web\CController.php(286): CController->runAction(Object(CInlineAction))
#2 C:\OpenServer\domains\yii\framework\web\CController.php(265): CController->runActionWithFilters(Object(CInlineAction), Array)
#3 C:\OpenServer\domains\yii\framework\web\CWebApplication.php(282): CController->run('view')
#4 C:\OpenServer\domains\yii\framework\web\CWebApplication.php(141): CWebApplication->runController('category/view/s...')
#5 C:\OpenServer\domains\yii\framework\base\CApplication.php(185): CWebApplication->processRequest()
#6 C:\OpenServer\domains\yii_forum\index.php(13): CApplication->run()
#7 {main}
REQUEST_URI=/category/view/site/index
HTTP_REFERER=http://yii.forum/category/view/1
---
2017/08/09 12:22:57 [error] [exception.CHttpException.400] exception 'CHttpException' with message 'Your request is invalid.' in C:\OpenServer\domains\yii\framework\web\CController.php:337
Stack trace:
#0 C:\OpenServer\domains\yii\framework\web\CController.php(309): CController->invalidActionParams(Object(CInlineAction))
#1 C:\OpenServer\domains\yii\framework\web\CController.php(286): CController->runAction(Object(CInlineAction))
#2 C:\OpenServer\domains\yii\framework\web\CController.php(265): CController->runActionWithFilters(Object(CInlineAction), Array)
#3 C:\OpenServer\domains\yii\framework\web\CWebApplication.php(282): CController->run('view')
#4 C:\OpenServer\domains\yii\framework\web\CWebApplication.php(141): CWebApplication->runController('category/view/s...')
#5 C:\OpenServer\domains\yii\framework\base\CApplication.php(185): CWebApplication->processRequest()
#6 C:\OpenServer\domains\yii_forum\index.php(13): CApplication->run()
#7 {main}
REQUEST_URI=/category/view/site/index
HTTP_REFERER=http://yii.forum/category/view/1
---
2017/08/09 13:42:39 [error] [exception.CHttpException.400] exception 'CHttpException' with message 'Your request is invalid.' in C:\OpenServer\domains\yii\framework\web\CController.php:337
Stack trace:
#0 C:\OpenServer\domains\yii\framework\web\CController.php(309): CController->invalidActionParams(Object(CInlineAction))
#1 C:\OpenServer\domains\yii\framework\web\CController.php(286): CController->runAction(Object(CInlineAction))
#2 C:\OpenServer\domains\yii\framework\web\CController.php(265): CController->runActionWithFilters(Object(CInlineAction), Array)
#3 C:\OpenServer\domains\yii\framework\web\CWebApplication.php(282): CController->run('view')
#4 C:\OpenServer\domains\yii\framework\web\CWebApplication.php(141): CWebApplication->runController('category/view/s...')
#5 C:\OpenServer\domains\yii\framework\base\CApplication.php(185): CWebApplication->processRequest()
#6 C:\OpenServer\domains\yii_forum\index.php(13): CApplication->run()
#7 {main}
REQUEST_URI=/category/view/site/index
HTTP_REFERER=http://yii.forum/category/view/1
---
2017/08/09 13:42:45 [error] [exception.CHttpException.404] exception 'CHttpException' with message 'The system is unable to find the requested action "site".' in C:\OpenServer\domains\yii\framework\web\CController.php:486
Stack trace:
#0 C:\OpenServer\domains\yii\framework\web\CController.php(270): CController->missingAction('site')
#1 C:\OpenServer\domains\yii\framework\web\CWebApplication.php(282): CController->run('site')
#2 C:\OpenServer\domains\yii\framework\web\CWebApplication.php(141): CWebApplication->runController('site/site/index')
#3 C:\OpenServer\domains\yii\framework\base\CApplication.php(185): CWebApplication->processRequest()
#4 C:\OpenServer\domains\yii_forum\index.php(13): CApplication->run()
#5 {main}
REQUEST_URI=/site/site/index
HTTP_REFERER=http://yii.forum/site/index
---
2017/08/09 13:51:10 [error] [exception.CException] exception 'CException' with message 'CDbCommand and its behaviors do not have a method or closure named "getRawSql".' in C:\OpenServer\domains\yii\framework\base\CComponent.php:266
Stack trace:
#0 C:\OpenServer\domains\yii_forum\protected\controllers\SiteController.php(24): CComponent->__call('getRawSql', Array)
#1 C:\OpenServer\domains\yii_forum\protected\controllers\SiteController.php(24): CDbCommand->getRawSql()
#2 C:\OpenServer\domains\yii\framework\web\actions\CInlineAction.php(49): SiteController->actionIndex()
#3 C:\OpenServer\domains\yii\framework\web\CController.php(308): CInlineAction->runWithParams(Array)
#4 C:\OpenServer\domains\yii\framework\web\CController.php(286): CController->runAction(Object(CInlineAction))
#5 C:\OpenServer\domains\yii\framework\web\CController.php(265): CController->runActionWithFilters(Object(CInlineAction), Array)
#6 C:\OpenServer\domains\yii\framework\web\CWebApplication.php(282): CController->run('index')
#7 C:\OpenServer\domains\yii\framework\web\CWebApplication.php(141): CWebApplication->runController('site/index')
#8 C:\OpenServer\domains\yii\framework\base\CApplication.php(185): CWebApplication->processRequest()
#9 C:\OpenServer\domains\yii_forum\index.php(13): CApplication->run()
#10 {main}
REQUEST_URI=/
---
2017/08/09 13:51:52 [error] [exception.CException] exception 'CException' with message 'CDbCommand and its behaviors do not have a method or closure named "getRawSql".' in C:\OpenServer\domains\yii\framework\base\CComponent.php:266
Stack trace:
#0 C:\OpenServer\domains\yii_forum\protected\controllers\SiteController.php(24): CComponent->__call('getRawSql', Array)
#1 C:\OpenServer\domains\yii_forum\protected\controllers\SiteController.php(24): CDbCommand->getRawSql()
#2 C:\OpenServer\domains\yii\framework\web\actions\CInlineAction.php(49): SiteController->actionIndex()
#3 C:\OpenServer\domains\yii\framework\web\CController.php(308): CInlineAction->runWithParams(Array)
#4 C:\OpenServer\domains\yii\framework\web\CController.php(286): CController->runAction(Object(CInlineAction))
#5 C:\OpenServer\domains\yii\framework\web\CController.php(265): CController->runActionWithFilters(Object(CInlineAction), Array)
#6 C:\OpenServer\domains\yii\framework\web\CWebApplication.php(282): CController->run('index')
#7 C:\OpenServer\domains\yii\framework\web\CWebApplication.php(141): CWebApplication->runController('site/index')
#8 C:\OpenServer\domains\yii\framework\base\CApplication.php(185): CWebApplication->processRequest()
#9 C:\OpenServer\domains\yii_forum\index.php(13): CApplication->run()
#10 {main}
REQUEST_URI=/
---
2017/08/09 13:51:53 [error] [exception.CException] exception 'CException' with message 'CDbCommand and its behaviors do not have a method or closure named "getRawSql".' in C:\OpenServer\domains\yii\framework\base\CComponent.php:266
Stack trace:
#0 C:\OpenServer\domains\yii_forum\protected\controllers\SiteController.php(24): CComponent->__call('getRawSql', Array)
#1 C:\OpenServer\domains\yii_forum\protected\controllers\SiteController.php(24): CDbCommand->getRawSql()
#2 C:\OpenServer\domains\yii\framework\web\actions\CInlineAction.php(49): SiteController->actionIndex()
#3 C:\OpenServer\domains\yii\framework\web\CController.php(308): CInlineAction->runWithParams(Array)
#4 C:\OpenServer\domains\yii\framework\web\CController.php(286): CController->runAction(Object(CInlineAction))
#5 C:\OpenServer\domains\yii\framework\web\CController.php(265): CController->runActionWithFilters(Object(CInlineAction), Array)
#6 C:\OpenServer\domains\yii\framework\web\CWebApplication.php(282): CController->run('index')
#7 C:\OpenServer\domains\yii\framework\web\CWebApplication.php(141): CWebApplication->runController('site/index')
#8 C:\OpenServer\domains\yii\framework\base\CApplication.php(185): CWebApplication->processRequest()
#9 C:\OpenServer\domains\yii_forum\index.php(13): CApplication->run()
#10 {main}
REQUEST_URI=/
---
2017/08/09 13:57:49 [trace] [system.db.CDbConnection] Opening DB connection
in C:\OpenServer\domains\yii_forum\protected\controllers\SiteController.php (12)
in C:\OpenServer\domains\yii_forum\index.php (13)
2017/08/09 13:57:50 [trace] [system.db.CDbCommand] Querying SQL: SELECT *
FROM `categories`
in C:\OpenServer\domains\yii_forum\protected\controllers\SiteController.php (14)
in C:\OpenServer\domains\yii_forum\index.php (13)
2017/08/09 13:57:50 [trace] [system.db.CDbCommand] Querying SQL: SELECT `t`.`title` AS `topic_title`, `t`.`create_date`, `c`.`category_id` AS `category_id`, `c`.`name` AS `category_name`, `u`.`name` AS `username`, `u`.`avatar`
FROM `topics` `t`
JOIN `categories` `c` ON t.category_id = c.category_id
JOIN `users` `u` ON t.user_id = u.id
in C:\OpenServer\domains\yii_forum\protected\controllers\SiteController.php (22)
in C:\OpenServer\domains\yii_forum\index.php (13)
2017/08/09 13:57:50 [trace] [system.db.CDbConnection] Opening DB connection
in C:\OpenServer\domains\yii_forum\protected\controllers\SiteController.php (12)
in C:\OpenServer\domains\yii_forum\index.php (13)
2017/08/09 13:57:50 [trace] [system.db.CDbCommand] Querying SQL: SELECT *
FROM `categories`
in C:\OpenServer\domains\yii_forum\protected\controllers\SiteController.php (14)
in C:\OpenServer\domains\yii_forum\index.php (13)
2017/08/09 13:57:50 [trace] [system.db.CDbCommand] Querying SQL: SELECT `t`.`title` AS `topic_title`, `t`.`create_date`, `c`.`category_id` AS `category_id`, `c`.`name` AS `category_name`, `u`.`name` AS `username`, `u`.`avatar`
FROM `topics` `t`
JOIN `categories` `c` ON t.category_id = c.category_id
JOIN `users` `u` ON t.user_id = u.id
in C:\OpenServer\domains\yii_forum\protected\controllers\SiteController.php (22)
in C:\OpenServer\domains\yii_forum\index.php (13)
2017/08/09 13:57:51 [trace] [system.db.CDbConnection] Opening DB connection
in C:\OpenServer\domains\yii_forum\protected\controllers\SiteController.php (12)
in C:\OpenServer\domains\yii_forum\index.php (13)
2017/08/09 13:57:51 [trace] [system.db.CDbCommand] Querying SQL: SELECT *
FROM `categories`
in C:\OpenServer\domains\yii_forum\protected\controllers\SiteController.php (14)
in C:\OpenServer\domains\yii_forum\index.php (13)
2017/08/09 13:57:51 [trace] [system.db.CDbCommand] Querying SQL: SELECT `t`.`title` AS `topic_title`, `t`.`create_date`, `c`.`category_id` AS `category_id`, `c`.`name` AS `category_name`, `u`.`name` AS `username`, `u`.`avatar`
FROM `topics` `t`
JOIN `categories` `c` ON t.category_id = c.category_id
JOIN `users` `u` ON t.user_id = u.id
in C:\OpenServer\domains\yii_forum\protected\controllers\SiteController.php (22)
in C:\OpenServer\domains\yii_forum\index.php (13)
2017/08/09 13:58:06 [trace] [system.db.CDbConnection] Opening DB connection
in C:\OpenServer\domains\yii_forum\protected\controllers\SiteController.php (12)
in C:\OpenServer\domains\yii_forum\index.php (13)
2017/08/09 13:58:06 [trace] [system.db.CDbCommand] Querying SQL: SELECT *
FROM `categories`
in C:\OpenServer\domains\yii_forum\protected\controllers\SiteController.php (14)
in C:\OpenServer\domains\yii_forum\index.php (13)
2017/08/09 13:58:06 [trace] [system.db.CDbCommand] Querying SQL: SELECT `t`.`title` AS `topic_title`, `t`.`create_date`, `c`.`category_id` AS `category_id`, `c`.`name` AS `category_name`, `u`.`name` AS `username`, `u`.`avatar`
FROM `topics` `t`
JOIN `categories` `c` ON t.category_id = c.category_id
JOIN `users` `u` ON t.user_id = u.id
in C:\OpenServer\domains\yii_forum\protected\controllers\SiteController.php (22)
in C:\OpenServer\domains\yii_forum\index.php (13)
2017/08/09 14:03:03 [trace] [system.db.CDbConnection] Opening DB connection
in C:\OpenServer\domains\yii_forum\protected\controllers\SiteController.php (12)
in C:\OpenServer\domains\yii_forum\index.php (13)
2017/08/09 14:03:03 [trace] [system.db.CDbCommand] Querying SQL: SELECT *
FROM `categories`
in C:\OpenServer\domains\yii_forum\protected\controllers\SiteController.php (14)
in C:\OpenServer\domains\yii_forum\index.php (13)
2017/08/09 14:03:03 [trace] [system.db.CDbCommand] Querying SQL: SELECT `t`.`title` AS `topic_title`, `t`.`create_date`, `c`.`category_id` AS `category_id`, `c`.`name` AS `category_name`, `u`.`name` AS `username`, `u`.`avatar`
FROM `topics` `t`
JOIN `categories` `c` ON t.category_id = c.category_id
JOIN `users` `u` ON t.user_id = u.id
in C:\OpenServer\domains\yii_forum\protected\controllers\SiteController.php (22)
in C:\OpenServer\domains\yii_forum\index.php (13)
2017/08/09 14:03:22 [trace] [system.db.CDbConnection] Opening DB connection
in C:\OpenServer\domains\yii_forum\protected\controllers\SiteController.php (12)
in C:\OpenServer\domains\yii_forum\index.php (13)
2017/08/09 14:03:22 [trace] [system.db.CDbCommand] Querying SQL: SELECT *
FROM `categories`
in C:\OpenServer\domains\yii_forum\protected\controllers\SiteController.php (14)
in C:\OpenServer\domains\yii_forum\index.php (13)
2017/08/09 14:03:22 [trace] [system.db.CDbCommand] Querying SQL: SELECT `t`.`title` AS `topic_title`, `t`.`create_date`, `c`.`category_id` AS `category_id`, `c`.`name` AS `category_name`, `u`.`name` AS `username`, `u`.`avatar`
FROM `topics` `t`
JOIN `categories` `c` ON t.category_id = c.category_id
JOIN `users` `u` ON t.user_id = u.id
in C:\OpenServer\domains\yii_forum\protected\controllers\SiteController.php (22)
in C:\OpenServer\domains\yii_forum\index.php (13)
2017/08/09 14:03:39 [trace] [system.db.CDbConnection] Opening DB connection
in C:\OpenServer\domains\yii_forum\protected\controllers\SiteController.php (12)
in C:\OpenServer\domains\yii_forum\index.php (13)
2017/08/09 14:03:39 [trace] [system.db.CDbCommand] Querying SQL: SELECT *
FROM `categories`
in C:\OpenServer\domains\yii_forum\protected\controllers\SiteController.php (14)
in C:\OpenServer\domains\yii_forum\index.php (13)
2017/08/09 14:03:39 [trace] [system.db.CDbCommand] Querying SQL: SELECT `t`.`title` AS `topic_title`, `t`.`create_date`, `c`.`category_id` AS `category_id`, `c`.`name` AS `category_name`, `u`.`name` AS `username`, `u`.`avatar`
FROM `topics` `t`
JOIN `categories` `c` ON t.category_id = c.category_id
JOIN `users` `u` ON t.user_id = u.id
in C:\OpenServer\domains\yii_forum\protected\controllers\SiteController.php (22)
in C:\OpenServer\domains\yii_forum\index.php (13)
